生成启动时间为 2018-12-04 15:08:39。
     1>项目“F:\Test\OcrDemo\leptonica-1.76.0\vs\src\leptonica.vcxproj”在节点 2 上(Rebuild 个目标)。
     1>CustomBuild:
         Building Custom Rule F:/Test/OcrDemo/leptonica-1.76.0/src/CMakeLists.txt
         CMake does not need to re-run because F:/Test/OcrDemo/leptonica-1.76.0/vs/src/CMakeFiles/generate.stamp is up-to-date.
       ClCompile:
         D:\VS2010 镜像文件\VS2010\VC\bin\CL.exe /c /I"F:\Test\OcrDemo\leptonica-1.76.0\src" /I"F:\Test\OcrDemo\leptonica-1.76.0\vs\src" /I"C:\Users\pengmengyuan\Downloads\OCR_Test-master\src\giflib\giflib-5.1.1\lib" /I"C:\Users\pengmengyuan\Downloads\OCR_Test-master\src\libjpeg\jpeg-9a" /I"C:\Users\pengmengyuan\Downloads\OCR_Test-master\src\libpng\lpng1616" /I"C:\Users\pengmengyuan\Downloads\OCR_Test-master\src\zlib\zlib-1.2.8" /I"C:\Users\pengmengyuan\Downloads\OCR_Test-master\src\libtiff\tiff-4.0.3\libtiff" /Zi /nologo /W1 /WX- /MP /Od /Ob0 /Oy- /D WIN32 /D _WINDOWS /D LIBLEPT_EXPORTS /D _CRT_SECURE_NO_WARNINGS /D HAVE_CONFIG_H /D "CMAKE_INTDIR=\"Debug\"" /D leptonica_EXPORTS /D _WINDLL /D _MBCS /Gm- /EHsc /RTC1 /MDd /GS /fp:precise /Zc:wchar_t /Zc:forScope /GR /Fo"leptonica.dir\Debug\\" /Fd"leptonica.dir\Debug\vc120.pdb" /Gd /TP /analyze- /errorReport:prompt "F:\Test\OcrDemo\leptonica-1.76.0\src\adaptmap.c" "F:\Test\OcrDemo\leptonica-1.76.0\src\affine.c" "F:\Test\OcrDemo\leptonica-1.76.0\src\affinecompose.c" "F:\Test\OcrDemo\leptonica-1.76.0\src\arrayaccess.c" "F:\Test\OcrDemo\leptonica-1.76.0\src\bardecode.c" "F:\Test\OcrDemo\leptonica-1.76.0\src\baseline.c" "F:\Test\OcrDemo\leptonica-1.76.0\src\bbuffer.c" "F:\Test\OcrDemo\leptonica-1.76.0\src\bilateral.c" "F:\Test\OcrDemo\leptonica-1.76.0\src\bilinear.c" "F:\Test\OcrDemo\leptonica-1.76.0\src\binarize.c" "F:\Test\OcrDemo\leptonica-1.76.0\src\binexpand.c" "F:\Test\OcrDemo\leptonica-1.76.0\src\binreduce.c" "F:\Test\OcrDemo\leptonica-1.76.0\src\blend.c" "F:\Test\OcrDemo\leptonica-1.76.0\src\bmf.c" "F:\Test\OcrDemo\leptonica-1.76.0\src\bmpio.c" "F:\Test\OcrDemo\leptonica-1.76.0\src\bmpiostub.c" "F:\Test\OcrDemo\leptonica-1.76.0\src\bootnumgen1.c" "F:\Test\OcrDemo\leptonica-1.76.0\src\bootnumgen2.c" "F:\Test\OcrDemo\leptonica-1.76.0\src\bootnumgen3.c" "F:\Test\OcrDemo\leptonica-1.76.0\src\boxbasic.c" "F:\Test\OcrDemo\leptonica-1.76.0\src\boxfunc1.c" "F:\Test\OcrDemo\leptonica-1.76.0\src\boxfunc2.c" "F:\Test\OcrDemo\leptonica-1.76.0\src\boxfunc3.c" "F:\Test\OcrDemo\leptonica-1.76.0\src\boxfunc4.c" "F:\Test\OcrDemo\leptonica-1.76.0\src\bytearray.c" "F:\Test\OcrDemo\leptonica-1.76.0\src\ccbord.c" "F:\Test\OcrDemo\leptonica-1.76.0\src\ccthin.c" "F:\Test\OcrDemo\leptonica-1.76.0\src\classapp.c" "F:\Test\OcrDemo\leptonica-1.76.0\src\colorcontent.c" "F:\Test\OcrDemo\leptonica-1.76.0\src\coloring.c" "F:\Test\OcrDemo\leptonica-1.76.0\src\colormap.c" "F:\Test\OcrDemo\leptonica-1.76.0\src\colormorph.c" "F:\Test\OcrDemo\leptonica-1.76.0\src\colorquant1.c" "F:\Test\OcrDemo\leptonica-1.76.0\src\colorquant2.c" "F:\Test\OcrDemo\leptonica-1.76.0\src\colorseg.c" "F:\Test\OcrDemo\leptonica-1.76.0\src\colorspace.c" "F:\Test\OcrDemo\leptonica-1.76.0\src\compare.c" "F:\Test\OcrDemo\leptonica-1.76.0\src\conncomp.c" "F:\Test\OcrDemo\leptonica-1.76.0\src\convertfiles.c" "F:\Test\OcrDemo\leptonica-1.76.0\src\convolve.c" "F:\Test\OcrDemo\leptonica-1.76.0\src\correlscore.c" "F:\Test\OcrDemo\leptonica-1.76.0\src\dewarp1.c" "F:\Test\OcrDemo\leptonica-1.76.0\src\dewarp2.c" "F:\Test\OcrDemo\leptonica-1.76.0\src\dewarp3.c" "F:\Test\OcrDemo\leptonica-1.76.0\src\dewarp4.c" "F:\Test\OcrDemo\leptonica-1.76.0\src\dnabasic.c" "F:\Test\OcrDemo\leptonica-1.76.0\src\dnafunc1.c" "F:\Test\OcrDemo\leptonica-1.76.0\src\dnahash.c" "F:\Test\OcrDemo\leptonica-1.76.0\src\dwacomb.2.c" "F:\Test\OcrDemo\leptonica-1.76.0\src\dwacomblow.2.c" "F:\Test\OcrDemo\leptonica-1.76.0\src\edge.c" "F:\Test\OcrDemo\leptonica-1.76.0\src\encoding.c" "F:\Test\OcrDemo\leptonica-1.76.0\src\enhance.c" "F:\Test\OcrDemo\leptonica-1.76.0\src\fhmtauto.c" "F:\Test\OcrDemo\leptonica-1.76.0\src\fhmtgen.1.c" "F:\Test\OcrDemo\leptonica-1.76.0\src\fhmtgenlow.1.c" "F:\Test\OcrDemo\leptonica-1.76.0\src\finditalic.c" "F:\Test\OcrDemo\leptonica-1.76.0\src\flipdetect.c" "F:\Test\OcrDemo\leptonica-1.76.0\src\fliphmtgen.c" "F:\Test\OcrDemo\leptonica-1.76.0\src\fmorphauto.c" "F:\Test\OcrDemo\leptonica-1.76.0\src\fmorphgen.1.c" "F:\Test\OcrDemo\leptonica-1.76.0\src\fmorphgenlow.1.c" "F:\Test\OcrDemo\leptonica-1.76.0\src\fpix1.c" "F:\Test\OcrDemo\leptonica-1.76.0\src\fpix2.c" "F:\Test\OcrDemo\leptonica-1.76.0\src\gifio.c" "F:\Test\OcrDemo\leptonica-1.76.0\src\gifiostub.c" "F:\Test\OcrDemo\leptonica-1.76.0\src\gplot.c" "F:\Test\OcrDemo\leptonica-1.76.0\src\graphics.c" "F:\Test\OcrDemo\leptonica-1.76.0\src\graymorph.c" "F:\Test\OcrDemo\leptonica-1.76.0\src\grayquant.c" "F:\Test\OcrDemo\leptonica-1.76.0\src\heap.c" "F:\Test\OcrDemo\leptonica-1.76.0\src\jbclass.c" "F:\Test\OcrDemo\leptonica-1.76.0\src\jp2kheader.c" "F:\Test\OcrDemo\leptonica-1.76.0\src\jp2kheaderstub.c" "F:\Test\OcrDemo\leptonica-1.76.0\src\jp2kio.c" "F:\Test\OcrDemo\leptonica-1.76.0\src\jp2kiostub.c" "F:\Test\OcrDemo\leptonica-1.76.0\src\jpegio.c" "F:\Test\OcrDemo\leptonica-1.76.0\src\jpegiostub.c" "F:\Test\OcrDemo\leptonica-1.76.0\src\kernel.c" "F:\Test\OcrDemo\leptonica-1.76.0\src\leptwin.c" "F:\Test\OcrDemo\leptonica-1.76.0\src\libversions.c" "F:\Test\OcrDemo\leptonica-1.76.0\src\list.c" "F:\Test\OcrDemo\leptonica-1.76.0\src\map.c" "F:\Test\OcrDemo\leptonica-1.76.0\src\maze.c" "F:\Test\OcrDemo\leptonica-1.76.0\src\morph.c" "F:\Test\OcrDemo\leptonica-1.76.0\src\morphapp.c" "F:\Test\OcrDemo\leptonica-1.76.0\src\morphdwa.c" "F:\Test\OcrDemo\leptonica-1.76.0\src\morphseq.c" "F:\Test\OcrDemo\leptonica-1.76.0\src\numabasic.c" "F:\Test\OcrDemo\leptonica-1.76.0\src\numafunc1.c" "F:\Test\OcrDemo\leptonica-1.76.0\src\numafunc2.c" "F:\Test\OcrDemo\leptonica-1.76.0\src\pageseg.c" "F:\Test\OcrDemo\leptonica-1.76.0\src\paintcmap.c" "F:\Test\OcrDemo\leptonica-1.76.0\src\parseprotos.c" "F:\Test\OcrDemo\leptonica-1.76.0\src\partition.c" "F:\Test\OcrDemo\leptonica-1.76.0\src\pdfio1.c" "F:\Test\OcrDemo\leptonica-1.76.0\src\pdfio1stub.c" "F:\Test\OcrDemo\leptonica-1.76.0\src\pdfio2.c" "F:\Test\OcrDemo\leptonica-1.76.0\src\pdfio2stub.c" "F:\Test\OcrDemo\leptonica-1.76.0\src\pix1.c" "F:\Test\OcrDemo\leptonica-1.76.0\src\pix2.c" "F:\Test\OcrDemo\leptonica-1.76.0\src\pix3.c" "F:\Test\OcrDemo\leptonica-1.76.0\src\pix4.c" "F:\Test\OcrDemo\leptonica-1.76.0\src\pix5.c" "F:\Test\OcrDemo\leptonica-1.76.0\src\pixabasic.c" "F:\Test\OcrDemo\leptonica-1.76.0\src\pixacc.c" "F:\Test\OcrDemo\leptonica-1.76.0\src\pixafunc1.c" "F:\Test\OcrDemo\leptonica-1.76.0\src\pixafunc2.c" "F:\Test\OcrDemo\leptonica-1.76.0\src\pixalloc.c" "F:\Test\OcrDemo\leptonica-1.76.0\src\pixarith.c" "F:\Test\OcrDemo\leptonica-1.76.0\src\pixcomp.c" "F:\Test\OcrDemo\leptonica-1.76.0\src\pixconv.c" "F:\Test\OcrDemo\leptonica-1.76.0\src\pixlabel.c" "F:\Test\OcrDemo\leptonica-1.76.0\src\pixtiling.c" "F:\Test\OcrDemo\leptonica-1.76.0\src\pngio.c" "F:\Test\OcrDemo\leptonica-1.76.0\src\pngiostub.c" "F:\Test\OcrDemo\leptonica-1.76.0\src\pnmio.c" "F:\Test\OcrDemo\leptonica-1.76.0\src\pnmiostub.c" "F:\Test\OcrDemo\leptonica-1.76.0\src\projective.c" "F:\Test\OcrDemo\leptonica-1.76.0\src\psio1.c" "F:\Test\OcrDemo\leptonica-1.76.0\src\psio1stub.c" "F:\Test\OcrDemo\leptonica-1.76.0\src\psio2.c" "F:\Test\OcrDemo\leptonica-1.76.0\src\psio2stub.c" "F:\Test\OcrDemo\leptonica-1.76.0\src\ptabasic.c" "F:\Test\OcrDemo\leptonica-1.76.0\src\ptafunc1.c" "F:\Test\OcrDemo\leptonica-1.76.0\src\ptafunc2.c" "F:\Test\OcrDemo\leptonica-1.76.0\src\ptra.c" "F:\Test\OcrDemo\leptonica-1.76.0\src\quadtree.c" "F:\Test\OcrDemo\leptonica-1.76.0\src\queue.c" "F:\Test\OcrDemo\leptonica-1.76.0\src\rank.c" "F:\Test\OcrDemo\leptonica-1.76.0\src\rbtree.c" "F:\Test\OcrDemo\leptonica-1.76.0\src\readbarcode.c" "F:\Test\OcrDemo\leptonica-1.76.0\src\readfile.c" "F:\Test\OcrDemo\leptonica-1.76.0\src\recogbasic.c" "F:\Test\OcrDemo\leptonica-1.76.0\src\recogdid.c" "F:\Test\OcrDemo\leptonica-1.76.0\src\recogident.c" "F:\Test\OcrDemo\leptonica-1.76.0\src\recogtrain.c" "F:\Test\OcrDemo\leptonica-1.76.0\src\regutils.c" "F:\Test\OcrDemo\leptonica-1.76.0\src\rop.c" "F:\Test\OcrDemo\leptonica-1.76.0\src\roplow.c" "F:\Test\OcrDemo\leptonica-1.76.0\src\rotate.c" "F:\Test\OcrDemo\leptonica-1.76.0\src\rotateam.c" "F:\Test\OcrDemo\leptonica-1.76.0\src\rotateorth.c" "F:\Test\OcrDemo\leptonica-1.76.0\src\rotateshear.c" "F:\Test\OcrDemo\leptonica-1.76.0\src\runlength.c" "F:\Test\OcrDemo\leptonica-1.76.0\src\sarray1.c" "F:\Test\OcrDemo\leptonica-1.76.0\src\sarray2.c" "F:\Test\OcrDemo\leptonica-1.76.0\src\scale1.c" "F:\Test\OcrDemo\leptonica-1.76.0\src\scale2.c" "F:\Test\OcrDemo\leptonica-1.76.0\src\seedfill.c" "F:\Test\OcrDemo\leptonica-1.76.0\src\sel1.c" "F:\Test\OcrDemo\leptonica-1.76.0\src\sel2.c" "F:\Test\OcrDemo\leptonica-1.76.0\src\selgen.c" "F:\Test\OcrDemo\leptonica-1.76.0\src\shear.c" "F:\Test\OcrDemo\leptonica-1.76.0\src\skew.c" "F:\Test\OcrDemo\leptonica-1.76.0\src\spixio.c" "F:\Test\OcrDemo\leptonica-1.76.0\src\stack.c" "F:\Test\OcrDemo\leptonica-1.76.0\src\stringcode.c" "F:\Test\OcrDemo\leptonica-1.76.0\src\strokes.c" "F:\Test\OcrDemo\leptonica-1.76.0\src\sudoku.c" "F:\Test\OcrDemo\leptonica-1.76.0\src\textops.c" "F:\Test\OcrDemo\leptonica-1.76.0\src\tiffio.c" "F:\Test\OcrDemo\leptonica-1.76.0\src\tiffiostub.c" "F:\Test\OcrDemo\leptonica-1.76.0\src\utils1.c" "F:\Test\OcrDemo\leptonica-1.76.0\src\utils2.c" "F:\Test\OcrDemo\leptonica-1.76.0\src\warper.c" "F:\Test\OcrDemo\leptonica-1.76.0\src\watershed.c" "F:\Test\OcrDemo\leptonica-1.76.0\src\webpio.c" "F:\Test\OcrDemo\leptonica-1.76.0\src\webpiostub.c" "F:\Test\OcrDemo\leptonica-1.76.0\src\writefile.c" "F:\Test\OcrDemo\leptonica-1.76.0\src\zlibmem.c" "F:\Test\OcrDemo\leptonica-1.76.0\src\zlibmemstub.c"
         adaptmap.c
         affine.c
         affinecompose.c
         arrayaccess.c
         bardecode.c
         baseline.c
         bbuffer.c
         bilateral.c
         bilinear.c
         binarize.c
         binexpand.c
         binreduce.c
         blend.c
         bmf.c
         bmpio.c
         bmpiostub.c
         bootnumgen1.c
         bootnumgen2.c
         bootnumgen3.c
         boxbasic.c
         boxfunc1.c
         boxfunc2.c
         boxfunc3.c
         boxfunc4.c
         bytearray.c
         ccbord.c
         ccthin.c
         classapp.c
         colorcontent.c
         coloring.c
         colormap.c
         colormorph.c
         colorquant1.c
         colorquant2.c
         colorseg.c
         colorspace.c
         compare.c
         conncomp.c
         convertfiles.c
         convolve.c
         correlscore.c
         dewarp1.c
         dewarp2.c
         dewarp3.c
         dewarp4.c
         dnabasic.c
         dnafunc1.c
         dnahash.c
         dwacomb.2.c
         dwacomblow.2.c
         edge.c
         encoding.c
         enhance.c
         fhmtauto.c
         fhmtgen.1.c
         fhmtgenlow.1.c
         finditalic.c
         flipdetect.c
         fliphmtgen.c
         fmorphauto.c
         fmorphgen.1.c
         fmorphgenlow.1.c
         fpix1.c
         fpix2.c
         gifio.c
         gifiostub.c
         gplot.c
         graphics.c
         graymorph.c
         grayquant.c
         heap.c
         jbclass.c
         jp2kheader.c
         jp2kheaderstub.c
         jp2kio.c
         jp2kiostub.c
         jpegio.c
         jpegiostub.c
         kernel.c
         leptwin.c
         libversions.c
         list.c
         map.c
         maze.c
         morph.c
         morphapp.c
         morphdwa.c
         morphseq.c
         numabasic.c
         numafunc1.c
         numafunc2.c
         pageseg.c
         paintcmap.c
         parseprotos.c
         partition.c
         pdfio1.c
         pdfio1stub.c
         pdfio2.c
         pdfio2stub.c
         pix1.c
         pix2.c
         pix3.c
         pix4.c
         pix5.c
         pixabasic.c
         pixacc.c
         pixafunc1.c
         pixafunc2.c
         pixalloc.c
         pixarith.c
         pixcomp.c
         pixconv.c
         pixlabel.c
         pixtiling.c
         pngio.c
         pngiostub.c
         pnmio.c
         pnmiostub.c
         projective.c
         psio1.c
         psio1stub.c
         psio2.c
         psio2stub.c
         ptabasic.c
         ptafunc1.c
         ptafunc2.c
         ptra.c
         quadtree.c
         queue.c
         rank.c
         rbtree.c
         readbarcode.c
         readfile.c
         recogbasic.c
         recogdid.c
         recogident.c
         recogtrain.c
         regutils.c
         rop.c
         roplow.c
         rotate.c
         rotateam.c
         rotateorth.c
         rotateshear.c
         runlength.c
         sarray1.c
         sarray2.c
         scale1.c
         scale2.c
         seedfill.c
         sel1.c
         sel2.c
         selgen.c
         shear.c
         skew.c
         spixio.c
         stack.c
         stringcode.c
         strokes.c
         sudoku.c
         textops.c
         tiffio.c
         tiffiostub.c
         utils1.c
         utils2.c
         warper.c
         watershed.c
         webpio.c
         webpiostub.c
         writefile.c
         zlibmem.c
         zlibmemstub.c
       Link:
         D:\VS2010 镜像文件\VS2010\VC\bin\link.exe /ERRORREPORT:PROMPT /OUT:"F:\Test\OcrDemo\leptonica-1.76.0\vs\bin\Debug\leptonica-1.76.0d.dll" /INCREMENTAL /NOLOGO "C:\Users\pengmengyuan\Downloads\leptonica-1.68-libs(CSDN)\giflib416-static-mtdll.lib" "C:\Users\pengmengyuan\Downloads\leptonica-1.68-libs(CSDN)\libjpeg8c-static-mtdll.lib" "C:\Users\pengmengyuan\Downloads\leptonica-1.68-libs(CSDN)\libpng143-static-mtdll-debug.lib" "C:\Users\pengmengyuan\Downloads\leptonica-1.68-libs(CSDN)\libtiff394-static-mtdll-debug.lib" "C:\Users\pengmengyuan\Downloads\leptonica-1.68-libs(CSDN)\zlib125-static-mtdll-debug.lib" kernel32.lib user32.lib gdi32.lib winspool.lib shell32.lib ole32.lib oleaut32.lib uuid.lib comdlg32.lib advapi32.lib /MANIFEST /MANIFESTUAC:"level='asInvoker' uiAccess='false'" /manifest:embed /DEBUG /PDB:"F:/Test/OcrDemo/leptonica-1.76.0/vs/bin/Debug/leptonica-1.76.0d.pdb" /SUBSYSTEM:CONSOLE /TLBID:1 /DYNAMICBASE /NXCOMPAT /IMPLIB:"F:/Test/OcrDemo/leptonica-1.76.0/vs/src/Debug/leptonica-1.76.0d.lib" /MACHINE:X86 /SAFESEH  /machine:X86 /DLL leptonica.dir\Debug\adaptmap.obj
         leptonica.dir\Debug\affine.obj
         leptonica.dir\Debug\affinecompose.obj
         leptonica.dir\Debug\arrayaccess.obj
         leptonica.dir\Debug\bardecode.obj
         leptonica.dir\Debug\baseline.obj
         leptonica.dir\Debug\bbuffer.obj
         leptonica.dir\Debug\bilateral.obj
         leptonica.dir\Debug\bilinear.obj
         leptonica.dir\Debug\binarize.obj
         leptonica.dir\Debug\binexpand.obj
         leptonica.dir\Debug\binreduce.obj
         leptonica.dir\Debug\blend.obj
         leptonica.dir\Debug\bmf.obj
         leptonica.dir\Debug\bmpio.obj
         leptonica.dir\Debug\bmpiostub.obj
         leptonica.dir\Debug\bootnumgen1.obj
         leptonica.dir\Debug\bootnumgen2.obj
         leptonica.dir\Debug\bootnumgen3.obj
         leptonica.dir\Debug\boxbasic.obj
         leptonica.dir\Debug\boxfunc1.obj
         leptonica.dir\Debug\boxfunc2.obj
         leptonica.dir\Debug\boxfunc3.obj
         leptonica.dir\Debug\boxfunc4.obj
         leptonica.dir\Debug\bytearray.obj
         leptonica.dir\Debug\ccbord.obj
         leptonica.dir\Debug\ccthin.obj
         leptonica.dir\Debug\classapp.obj
         leptonica.dir\Debug\colorcontent.obj
         leptonica.dir\Debug\coloring.obj
         leptonica.dir\Debug\colormap.obj
         leptonica.dir\Debug\colormorph.obj
         leptonica.dir\Debug\colorquant1.obj
         leptonica.dir\Debug\colorquant2.obj
         leptonica.dir\Debug\colorseg.obj
         leptonica.dir\Debug\colorspace.obj
         leptonica.dir\Debug\compare.obj
         leptonica.dir\Debug\conncomp.obj
         leptonica.dir\Debug\convertfiles.obj
         leptonica.dir\Debug\convolve.obj
         leptonica.dir\Debug\correlscore.obj
         leptonica.dir\Debug\dewarp1.obj
         leptonica.dir\Debug\dewarp2.obj
         leptonica.dir\Debug\dewarp3.obj
         leptonica.dir\Debug\dewarp4.obj
         leptonica.dir\Debug\dnabasic.obj
         leptonica.dir\Debug\dnafunc1.obj
         leptonica.dir\Debug\dnahash.obj
         leptonica.dir\Debug\dwacomb.2.obj
         leptonica.dir\Debug\dwacomblow.2.obj
         leptonica.dir\Debug\edge.obj
         leptonica.dir\Debug\encoding.obj
         leptonica.dir\Debug\enhance.obj
         leptonica.dir\Debug\fhmtauto.obj
         leptonica.dir\Debug\fhmtgen.1.obj
         leptonica.dir\Debug\fhmtgenlow.1.obj
         leptonica.dir\Debug\finditalic.obj
         leptonica.dir\Debug\flipdetect.obj
         leptonica.dir\Debug\fliphmtgen.obj
         leptonica.dir\Debug\fmorphauto.obj
         leptonica.dir\Debug\fmorphgen.1.obj
         leptonica.dir\Debug\fmorphgenlow.1.obj
         leptonica.dir\Debug\fpix1.obj
         leptonica.dir\Debug\fpix2.obj
         leptonica.dir\Debug\gifio.obj
         leptonica.dir\Debug\gifiostub.obj
         leptonica.dir\Debug\gplot.obj
         leptonica.dir\Debug\graphics.obj
         leptonica.dir\Debug\graymorph.obj
         leptonica.dir\Debug\grayquant.obj
         leptonica.dir\Debug\heap.obj
         leptonica.dir\Debug\jbclass.obj
         leptonica.dir\Debug\jp2kheader.obj
         leptonica.dir\Debug\jp2kheaderstub.obj
         leptonica.dir\Debug\jp2kio.obj
         leptonica.dir\Debug\jp2kiostub.obj
         leptonica.dir\Debug\jpegio.obj
         leptonica.dir\Debug\jpegiostub.obj
         leptonica.dir\Debug\kernel.obj
         leptonica.dir\Debug\leptwin.obj
         leptonica.dir\Debug\libversions.obj
         leptonica.dir\Debug\list.obj
         leptonica.dir\Debug\map.obj
         leptonica.dir\Debug\maze.obj
         leptonica.dir\Debug\morph.obj
         leptonica.dir\Debug\morphapp.obj
         leptonica.dir\Debug\morphdwa.obj
         leptonica.dir\Debug\morphseq.obj
         leptonica.dir\Debug\numabasic.obj
         leptonica.dir\Debug\numafunc1.obj
         leptonica.dir\Debug\numafunc2.obj
         leptonica.dir\Debug\pageseg.obj
         leptonica.dir\Debug\paintcmap.obj
         leptonica.dir\Debug\parseprotos.obj
         leptonica.dir\Debug\partition.obj
         leptonica.dir\Debug\pdfio1.obj
         leptonica.dir\Debug\pdfio1stub.obj
         leptonica.dir\Debug\pdfio2.obj
         leptonica.dir\Debug\pdfio2stub.obj
         leptonica.dir\Debug\pix1.obj
         leptonica.dir\Debug\pix2.obj
         leptonica.dir\Debug\pix3.obj
         leptonica.dir\Debug\pix4.obj
         leptonica.dir\Debug\pix5.obj
         leptonica.dir\Debug\pixabasic.obj
         leptonica.dir\Debug\pixacc.obj
         leptonica.dir\Debug\pixafunc1.obj
         leptonica.dir\Debug\pixafunc2.obj
         leptonica.dir\Debug\pixalloc.obj
         leptonica.dir\Debug\pixarith.obj
         leptonica.dir\Debug\pixcomp.obj
         leptonica.dir\Debug\pixconv.obj
         leptonica.dir\Debug\pixlabel.obj
         leptonica.dir\Debug\pixtiling.obj
         leptonica.dir\Debug\pngio.obj
         leptonica.dir\Debug\pngiostub.obj
         leptonica.dir\Debug\pnmio.obj
         leptonica.dir\Debug\pnmiostub.obj
         leptonica.dir\Debug\projective.obj
         leptonica.dir\Debug\psio1.obj
         leptonica.dir\Debug\psio1stub.obj
         leptonica.dir\Debug\psio2.obj
         leptonica.dir\Debug\psio2stub.obj
         leptonica.dir\Debug\ptabasic.obj
         leptonica.dir\Debug\ptafunc1.obj
         leptonica.dir\Debug\ptafunc2.obj
         leptonica.dir\Debug\ptra.obj
         leptonica.dir\Debug\quadtree.obj
         leptonica.dir\Debug\queue.obj
         leptonica.dir\Debug\rank.obj
         leptonica.dir\Debug\rbtree.obj
         leptonica.dir\Debug\readbarcode.obj
         leptonica.dir\Debug\readfile.obj
         leptonica.dir\Debug\recogbasic.obj
         leptonica.dir\Debug\recogdid.obj
         leptonica.dir\Debug\recogident.obj
         leptonica.dir\Debug\recogtrain.obj
         leptonica.dir\Debug\regutils.obj
         leptonica.dir\Debug\rop.obj
         leptonica.dir\Debug\roplow.obj
         leptonica.dir\Debug\rotate.obj
         leptonica.dir\Debug\rotateam.obj
         leptonica.dir\Debug\rotateorth.obj
         leptonica.dir\Debug\rotateshear.obj
         leptonica.dir\Debug\runlength.obj
         leptonica.dir\Debug\sarray1.obj
         leptonica.dir\Debug\sarray2.obj
         leptonica.dir\Debug\scale1.obj
         leptonica.dir\Debug\scale2.obj
         leptonica.dir\Debug\seedfill.obj
         leptonica.dir\Debug\sel1.obj
         leptonica.dir\Debug\sel2.obj
         leptonica.dir\Debug\selgen.obj
         leptonica.dir\Debug\shear.obj
         leptonica.dir\Debug\skew.obj
         leptonica.dir\Debug\spixio.obj
         leptonica.dir\Debug\stack.obj
         leptonica.dir\Debug\stringcode.obj
         leptonica.dir\Debug\strokes.obj
         leptonica.dir\Debug\sudoku.obj
         leptonica.dir\Debug\textops.obj
         leptonica.dir\Debug\tiffio.obj
         leptonica.dir\Debug\tiffiostub.obj
         leptonica.dir\Debug\utils1.obj
         leptonica.dir\Debug\utils2.obj
         leptonica.dir\Debug\warper.obj
         leptonica.dir\Debug\watershed.obj
         leptonica.dir\Debug\webpio.obj
         leptonica.dir\Debug\webpiostub.obj
         leptonica.dir\Debug\writefile.obj
         leptonica.dir\Debug\zlibmem.obj
         leptonica.dir\Debug\zlibmemstub.obj
            正在创建库 F:/Test/OcrDemo/leptonica-1.76.0/vs/src/Debug/leptonica-1.76.0d.lib 和对象 F:/Test/OcrDemo/leptonica-1.76.0/vs/src/Debug/leptonica-1.76.0d.exp
         leptonica.vcxproj -> F:\Test\OcrDemo\leptonica-1.76.0\vs\bin\Debug\leptonica-1.76.0d.dll
     1>已完成生成项目“F:\Test\OcrDemo\leptonica-1.76.0\vs\src\leptonica.vcxproj”(Rebuild 个目标)的操作。

生成成功。

已用时间 00:00:06.43
